Using pre-set license
Built from '2021.2/release' branch; Version is '2021.2.0f1 (4bf1ec4b23c9) revision 4977132'; Using compiler version '192829333'; Build Type 'Release'
OS: 'Windows 10 Pro; OS build 22000.282; Version 2009; 64bit' Language: 'pt' Physical Memory: 16196 MB
BatchMode: 1, IsHumanControllingUs: 0, StartBugReporterOnCrash: 0, Is64bit: 1, IsPro: 0

COMMAND LINE ARGUMENTS:
C:\Program Files\Unity\Hub\Editor\2021.2.0f1\Editor\Unity.exe
-adb2
-batchMode
-noUpm
-name
AssetImportWorker1
-projectPath
C:/Users/Guilherme/Documents/Arquivos/Projetos/Projetos Unity/GameDevPro/Clone Zelda A Link To The Past
-logFile
Logs/AssetImportWorker1.log
-srvPort
64439
Successfully changed project path to: C:/Users/Guilherme/Documents/Arquivos/Projetos/Projetos Unity/GameDevPro/Clone Zelda A Link To The Past
C:/Users/Guilherme/Documents/Arquivos/Projetos/Projetos Unity/GameDevPro/Clone Zelda A Link To The Past
[UnityMemory] Configuration Parameters - Can be set up in boot.config
    "memorysetup-bucket-allocator-granularity=16"
    "memorysetup-bucket-allocator-bucket-count=8"
    "memorysetup-bucket-allocator-block-size=33554432"
    "memorysetup-bucket-allocator-block-count=8"
    "memorysetup-main-allocator-block-size=16777216"
    "memorysetup-thread-allocator-block-size=16777216"
    "memorysetup-gfx-main-allocator-block-size=16777216"
    "memorysetup-gfx-thread-allocator-block-size=16777216"
    "memorysetup-cache-allocator-block-size=4194304"
    "memorysetup-typetree-allocator-block-size=2097152"
    "memorysetup-profiler-bucket-allocator-granularity=16"
    "memorysetup-profiler-bucket-allocator-bucket-count=8"
    "memorysetup-profiler-bucket-allocator-block-size=33554432"
    "memorysetup-profiler-bucket-allocator-block-count=8"
    "memorysetup-profiler-allocator-block-size=16777216"
    "memorysetup-profiler-editor-allocator-block-size=1048576"
    "memorysetup-temp-allocator-size-main=16777216"
    "memorysetup-job-temp-allocator-block-size=2097152"
    "memorysetup-job-temp-allocator-block-size-background=1048576"
    "memorysetup-job-temp-allocator-reduction-small-platforms=262144"
    "memorysetup-temp-allocator-size-background-worker=32768"
    "memorysetup-temp-allocator-size-job-worker=262144"
    "memorysetup-temp-allocator-size-preload-manager=33554432"
    "memorysetup-temp-allocator-size-nav-mesh-worker=65536"
    "memorysetup-temp-allocator-size-audio-worker=65536"
    "memorysetup-temp-allocator-size-cloud-worker=32768"
    "memorysetup-temp-allocator-size-gi-baking-worker=262144"
    "memorysetup-temp-allocator-size-gfx=262144"
Refreshing native plugins compatible for Editor in 128.56 ms, found 4 plugins.
Preloading 0 native plugins for Editor in 0.00 ms.
Initialize engine version: 2021.2.0f1 (4bf1ec4b23c9)
[Subsystems] Discovering subsystems at path C:/Program Files/Unity/Hub/Editor/2021.2.0f1/Editor/Data/Resources/UnitySubsystems
[Subsystems] Discovering subsystems at path C:/Users/Guilherme/Documents/Arquivos/Projetos/Projetos Unity/GameDevPro/Clone Zelda A Link To The Past/Assets
GfxDevice: creating device client; threaded=0; jobified=0
Direct3D:
    Version:  Direct3D 11.0 [level 11.1]
    Renderer: NVIDIA GeForce RTX 2060 (ID=0x1f11)
    Vendor:   NVIDIA
    VRAM:     5980 MB
    Driver:   30.0.14.9649
Initialize mono
Mono path[0] = 'C:/Program Files/Unity/Hub/Editor/2021.2.0f1/Editor/Data/Managed'
Mono path[1] = 'C:/Program Files/Unity/Hub/Editor/2021.2.0f1/Editor/Data/MonoBleedingEdge/lib/mono/unityjit-win32'
Mono config path = 'C:/Program Files/Unity/Hub/Editor/2021.2.0f1/Editor/Data/MonoBleedingEdge/etc'
Using monoOptions --debugger-agent=transport=dt_socket,embedding=1,server=y,suspend=n,address=127.0.0.1:56632
Begin MonoManager ReloadAssembly
Registering precompiled unity dll's ...
Register platform support module: C:/Program Files/Unity/Hub/Editor/2021.2.0f1/Editor/Data/PlaybackEngines/WebGLSupport/UnityEditor.WebGL.Extensions.dll
Register platform support module: C:/Program Files/Unity/Hub/Editor/2021.2.0f1/Editor/Data/PlaybackEngines/WindowsStandaloneSupport/UnityEditor.WindowsStandalone.Extensions.dll
Registered in 0.006905 seconds.
Native extension for WindowsStandalone target not found
Native extension for WebGL target not found
Refreshing native plugins compatible for Editor in 110.30 ms, found 4 plugins.
Preloading 0 native plugins for Editor in 0.00 ms.
Mono: successfully reloaded assembly
- Completed reload, in  1.576 seconds
Domain Reload Profiling:
	ReloadAssembly (1577ms)
		BeginReloadAssembly (72ms)
			ExecutionOrderSort (0ms)
			DisableScriptedObjects (0ms)
			BackupInstance (0ms)
			ReleaseScriptingObjects (0ms)
			CreateAndSetChildDomain (1ms)
		EndReloadAssembly (510ms)
			LoadAssemblies (71ms)
			RebuildTransferFunctionScriptingTraits (0ms)
			SetupTypeCache (118ms)
			ReleaseScriptCaches (0ms)
			RebuildScriptCaches (29ms)
			SetupLoadedEditorAssemblies (310ms)
				LogAssemblyErrors (0ms)
				InitializePlatformSupportModulesInManaged (8ms)
				SetLoadedEditorAssemblies (0ms)
				RefreshPlugins (110ms)
				BeforeProcessingInitializeOnLoad (1ms)
				ProcessInitializeOnLoadAttributes (136ms)
				ProcessInitializeOnLoadMethodAttributes (53ms)
				AfterProcessingInitializeOnLoad (0ms)
				EditorAssembliesLoaded (0ms)
			ExecutionOrderSort2 (0ms)
			AwakeInstancesAfterBackupRestoration (0ms)
Platform modules already initialized, skipping
Registering precompiled user dll's ...
Registered in 0.007768 seconds.
Begin MonoManager ReloadAssembly
Symbol file LoadedFromMemory doesn't match image C:\Users\Guilherme\Documents\Arquivos\Projetos\Projetos Unity\GameDevPro\Clone Zelda A Link To The Past\Library\PackageCache\com.unity.visualscripting@1.7.2\Editor\VisualScripting.Core\Dependencies\YamlDotNet\Unity.VisualScripting.YamlDotNet.dll
Symbol file LoadedFromMemory doesn't match image C:\Users\Guilherme\Documents\Arquivos\Projetos\Projetos Unity\GameDevPro\Clone Zelda A Link To The Past\Library\PackageCache\com.unity.visualscripting@1.7.2\Editor\VisualScripting.Core\Dependencies\DotNetZip\Unity.VisualScripting.IonicZip.dll
Native extension for WindowsStandalone target not found
Native extension for WebGL target not found
Refreshing native plugins compatible for Editor in 114.14 ms, found 4 plugins.
Preloading 0 native plugins for Editor in 0.00 ms.
Mono: successfully reloaded assembly
- Completed reload, in  1.988 seconds
Domain Reload Profiling:
	ReloadAssembly (1989ms)
		BeginReloadAssembly (190ms)
			ExecutionOrderSort (0ms)
			DisableScriptedObjects (6ms)
			BackupInstance (0ms)
			ReleaseScriptingObjects (0ms)
			CreateAndSetChildDomain (25ms)
		EndReloadAssembly (1692ms)
			LoadAssemblies (87ms)
			RebuildTransferFunctionScriptingTraits (0ms)
			SetupTypeCache (284ms)
			ReleaseScriptCaches (1ms)
			RebuildScriptCaches (68ms)
			SetupLoadedEditorAssemblies (1097ms)
				LogAssemblyErrors (0ms)
				InitializePlatformSupportModulesInManaged (13ms)
				SetLoadedEditorAssemblies (0ms)
				RefreshPlugins (114ms)
				BeforeProcessingInitializeOnLoad (97ms)
				ProcessInitializeOnLoadAttributes (815ms)
				ProcessInitializeOnLoadMethodAttributes (49ms)
				AfterProcessingInitializeOnLoad (7ms)
				EditorAssembliesLoaded (0ms)
			ExecutionOrderSort2 (0ms)
			AwakeInstancesAfterBackupRestoration (10ms)
Platform modules already initialized, skipping
========================================================================
Worker process is ready to serve import requests
Launched and connected shader compiler UnityShaderCompiler.exe after 0.07 seconds
Refreshing native plugins compatible for Editor in 3.93 ms, found 4 plugins.
Preloading 0 native plugins for Editor in 0.00 ms.
Unloading 4219 Unused Serialized files (Serialized files now loaded: 0)
Unloading 41 unused Assets / (55.5 KB). Loaded Objects now: 4679.
Memory consumption went from 163.5 MB to 163.4 MB.
Total: 6.285600 ms (FindLiveObjects: 0.550100 ms CreateObjectMapping: 0.647800 ms MarkObjects: 4.933800 ms  DeleteObjects: 0.152600 ms)

AssetImportParameters requested are different than current active one (requested -> active):
  custom:video-decoder-ogg-theora: a1e56fd34408186e4bbccfd4996cb3dc -> 
  custom:container-muxer-webm: aa71ff27fc2769a1b78a27578f13a17b -> 
  custom:container-demuxer-webm: 4f35f7cbe854078d1ac9338744f61a02 -> 
  custom:video-encoder-webm-vp8: eb34c28f22e8b96e1ab97ce403110664 -> 
  custom:audio-encoder-webm-vorbis: bf7c407c2cedff20999df2af8eb42d56 -> 
  custom:framework-win-MediaFoundation: 216162199b28c13a410421893ffa2e32 -> 
  custom:container-demuxer-ogg: 62fdf1f143b41e24485cea50d1cbac27 -> 
  custom:video-decoder-webm-vp8: 9c59270c3fd7afecdb556c50c9e8de78 -> 
  custom:audio-decoder-ogg-vorbis: bf7c407c2cedff20999df2af8eb42d56 -> 
========================================================================
Received Import Request.
  Time since last request: 39494.605063 seconds.
  path: Assets/Game/Art/Tiles/TileAssets/Overworld_7.asset
  artifactKey: Guid(a4870f6b4deef5d4d8d42f9dc1fa2a55) Importer(815301076,1909f56bfc062723c751e8b465ee728b)
Start importing Assets/Game/Art/Tiles/TileAssets/Overworld_7.asset using Guid(a4870f6b4deef5d4d8d42f9dc1fa2a55) Importer(815301076,1909f56bfc062723c751e8b465ee728b)  -> (artifact id: '75b4674e04367a7865f560172fce557a') in 0.093596 seconds 
========================================================================
Received Import Request.
  Time since last request: 0.000017 seconds.
  path: Assets/Game/Art/Tiles/TileAssets/Overworld_12.asset
  artifactKey: Guid(2b2fb9bd1d681a648aa5bec41c1ea0a5) Importer(815301076,1909f56bfc062723c751e8b465ee728b)
Start importing Assets/Game/Art/Tiles/TileAssets/Overworld_12.asset using Guid(2b2fb9bd1d681a648aa5bec41c1ea0a5) Importer(815301076,1909f56bfc062723c751e8b465ee728b)  -> (artifact id: 'bfe8a5bd57daf0be82527caf03e3eeee') in 0.007445 seconds 
========================================================================
Received Import Request.
  Time since last request: 0.000024 seconds.
  path: Assets/Game/Art/Tiles/TileAssets/Overworld_0.asset
  artifactKey: Guid(a7e07e2889b7bf74992bc7876fdbdc21) Importer(815301076,1909f56bfc062723c751e8b465ee728b)
Start importing Assets/Game/Art/Tiles/TileAssets/Overworld_0.asset using Guid(a7e07e2889b7bf74992bc7876fdbdc21) Importer(815301076,1909f56bfc062723c751e8b465ee728b)  -> (artifact id: '24e2619994e239ffc9ef94cde32b37b6') in 0.007788 seconds 
========================================================================
Received Import Request.
  Time since last request: 0.000031 seconds.
  path: Assets/Game/Art/Tiles/TileAssets/Overworld_11.asset
  artifactKey: Guid(07f15caec80963045b08a9722abb6546) Importer(815301076,1909f56bfc062723c751e8b465ee728b)
Start importing Assets/Game/Art/Tiles/TileAssets/Overworld_11.asset using Guid(07f15caec80963045b08a9722abb6546) Importer(815301076,1909f56bfc062723c751e8b465ee728b)  -> (artifact id: '10de0fc2431b295acb252535a2a2b7e8') in 0.007813 seconds 
========================================================================
Received Import Request.
  Time since last request: 0.000021 seconds.
  path: Assets/Game/Art/Tiles/TileAssets/Overworld_17.asset
  artifactKey: Guid(fbca021db80258042903fbd8dd826655) Importer(815301076,1909f56bfc062723c751e8b465ee728b)
Start importing Assets/Game/Art/Tiles/TileAssets/Overworld_17.asset using Guid(fbca021db80258042903fbd8dd826655) Importer(815301076,1909f56bfc062723c751e8b465ee728b)  -> (artifact id: '5ffa087ceae0ad0a9edb632922cc4588') in 0.008326 seconds 
========================================================================
Received Import Request.
  Time since last request: 0.000030 seconds.
  path: Assets/Game/Art/Tiles/TileAssets/Overworld_16.asset
  artifactKey: Guid(7e5faad256eebbe4b8434bfe17e1d257) Importer(815301076,1909f56bfc062723c751e8b465ee728b)
Start importing Assets/Game/Art/Tiles/TileAssets/Overworld_16.asset using Guid(7e5faad256eebbe4b8434bfe17e1d257) Importer(815301076,1909f56bfc062723c751e8b465ee728b)  -> (artifact id: 'd3ac65730729c49da349405e97d46b54') in 0.011943 seconds 
========================================================================
Received Import Request.
  Time since last request: 0.000024 seconds.
  path: Assets/Game/Art/Tiles/TileAssets/Overworld_2.asset
  artifactKey: Guid(29b6297e165204e4db0fef08f1aa6972) Importer(815301076,1909f56bfc062723c751e8b465ee728b)
Start importing Assets/Game/Art/Tiles/TileAssets/Overworld_2.asset using Guid(29b6297e165204e4db0fef08f1aa6972) Importer(815301076,1909f56bfc062723c751e8b465ee728b)  -> (artifact id: '6a7dc1d2ddfabba6c67b463edfe947af') in 0.010896 seconds 
========================================================================
Received Import Request.
  Time since last request: 0.000030 seconds.
  path: Assets/Game/Art/Tiles/TileAssets/Overworld_13.asset
  artifactKey: Guid(19355a24ef2765147beb3a377df6eb16) Importer(815301076,1909f56bfc062723c751e8b465ee728b)
Start importing Assets/Game/Art/Tiles/TileAssets/Overworld_13.asset using Guid(19355a24ef2765147beb3a377df6eb16) Importer(815301076,1909f56bfc062723c751e8b465ee728b)  -> (artifact id: '45c1b6c59645c6038b84fbea9a8fbb78') in 0.008899 seconds 
========================================================================
Received Import Request.
  Time since last request: 0.000030 seconds.
  path: Assets/Game/Art/Tiles/TileAssets/Overworld_3.asset
  artifactKey: Guid(a64843af7c5a8c44eadbe8ea31707af4) Importer(815301076,1909f56bfc062723c751e8b465ee728b)
Start importing Assets/Game/Art/Tiles/TileAssets/Overworld_3.asset using Guid(a64843af7c5a8c44eadbe8ea31707af4) Importer(815301076,1909f56bfc062723c751e8b465ee728b)  -> (artifact id: '77cbc18d5f1f3cefd52c34db3425b2bc') in 0.011364 seconds 
========================================================================
Received Prepare
Registering precompiled user dll's ...
Registered in 0.007415 seconds.
Begin MonoManager ReloadAssembly
Symbol file LoadedFromMemory doesn't match image C:\Users\Guilherme\Documents\Arquivos\Projetos\Projetos Unity\GameDevPro\Clone Zelda A Link To The Past\Library\PackageCache\com.unity.visualscripting@1.7.2\Editor\VisualScripting.Core\Dependencies\YamlDotNet\Unity.VisualScripting.YamlDotNet.dll
Symbol file LoadedFromMemory doesn't match image C:\Users\Guilherme\Documents\Arquivos\Projetos\Projetos Unity\GameDevPro\Clone Zelda A Link To The Past\Library\PackageCache\com.unity.visualscripting@1.7.2\Editor\VisualScripting.Core\Dependencies\DotNetZip\Unity.VisualScripting.IonicZip.dll
Native extension for WindowsStandalone target not found
Native extension for WebGL target not found
Refreshing native plugins compatible for Editor in 1.17 ms, found 4 plugins.
Preloading 0 native plugins for Editor in 0.00 ms.
Mono: successfully reloaded assembly
- Completed reload, in  1.266 seconds
Domain Reload Profiling:
	ReloadAssembly (1267ms)
		BeginReloadAssembly (133ms)
			ExecutionOrderSort (0ms)
			DisableScriptedObjects (7ms)
			BackupInstance (0ms)
			ReleaseScriptingObjects (0ms)
			CreateAndSetChildDomain (42ms)
		EndReloadAssembly (1041ms)
			LoadAssemblies (76ms)
			RebuildTransferFunctionScriptingTraits (0ms)
			SetupTypeCache (248ms)
			ReleaseScriptCaches (2ms)
			RebuildScriptCaches (47ms)
			SetupLoadedEditorAssemblies (519ms)
				LogAssemblyErrors (0ms)
				InitializePlatformSupportModulesInManaged (15ms)
				SetLoadedEditorAssemblies (1ms)
				RefreshPlugins (1ms)
				BeforeProcessingInitializeOnLoad (93ms)
				ProcessInitializeOnLoadAttributes (376ms)
				ProcessInitializeOnLoadMethodAttributes (28ms)
				AfterProcessingInitializeOnLoad (6ms)
				EditorAssembliesLoaded (0ms)
			ExecutionOrderSort2 (0ms)
			AwakeInstancesAfterBackupRestoration (12ms)
Platform modules already initialized, skipping
Refreshing native plugins compatible for Editor in 0.92 ms, found 4 plugins.
Preloading 0 native plugins for Editor in 0.00 ms.
Unloading 4208 Unused Serialized files (Serialized files now loaded: 0)
Unloading 27 unused Assets / (24.5 KB). Loaded Objects now: 4684.
Memory consumption went from 162.9 MB to 162.9 MB.
Total: 4.522800 ms (FindLiveObjects: 0.328700 ms CreateObjectMapping: 0.267500 ms MarkObjects: 3.900400 ms  DeleteObjects: 0.024900 ms)

AssetImportParameters requested are different than current active one (requested -> active):
  custom:video-decoder-ogg-theora: a1e56fd34408186e4bbccfd4996cb3dc -> 
  custom:container-muxer-webm: aa71ff27fc2769a1b78a27578f13a17b -> 
  custom:container-demuxer-webm: 4f35f7cbe854078d1ac9338744f61a02 -> 
  custom:video-encoder-webm-vp8: eb34c28f22e8b96e1ab97ce403110664 -> 
  custom:audio-encoder-webm-vorbis: bf7c407c2cedff20999df2af8eb42d56 -> 
  custom:framework-win-MediaFoundation: 216162199b28c13a410421893ffa2e32 -> 
  custom:container-demuxer-ogg: 62fdf1f143b41e24485cea50d1cbac27 -> 
  custom:video-decoder-webm-vp8: 9c59270c3fd7afecdb556c50c9e8de78 -> 
  custom:audio-decoder-ogg-vorbis: bf7c407c2cedff20999df2af8eb42d56 -> 
