Using pre-set license
Built from '2021.2/staging' branch; Version is '2021.2.1f1 (c20c6d589440) revision 12717165'; Using compiler version '192829333'; Build Type 'Release'
OS: 'Windows 10 Pro; OS build 22000.282; Version 2009; 64bit' Language: 'pt' Physical Memory: 16196 MB
BatchMode: 1, IsHumanControllingUs: 0, StartBugReporterOnCrash: 0, Is64bit: 1, IsPro: 0

COMMAND LINE ARGUMENTS:
C:\Program Files\Unity\Hub\Editor\2021.2.1f1\Editor\Unity.exe
-adb2
-batchMode
-noUpm
-name
AssetImportWorker0
-projectPath
C:/Users/Guilherme/Documents/Arquivos/Projetos/Projetos Unity/GameDevPro/Clone Zelda A Link To The Past
-logFile
Logs/AssetImportWorker0.log
-srvPort
56323
Successfully changed project path to: C:/Users/Guilherme/Documents/Arquivos/Projetos/Projetos Unity/GameDevPro/Clone Zelda A Link To The Past
C:/Users/Guilherme/Documents/Arquivos/Projetos/Projetos Unity/GameDevPro/Clone Zelda A Link To The Past
[UnityMemory] Configuration Parameters - Can be set up in boot.config
    "memorysetup-bucket-allocator-granularity=16"
    "memorysetup-bucket-allocator-bucket-count=8"
    "memorysetup-bucket-allocator-block-size=33554432"
    "memorysetup-bucket-allocator-block-count=8"
    "memorysetup-main-allocator-block-size=16777216"
    "memorysetup-thread-allocator-block-size=16777216"
    "memorysetup-gfx-main-allocator-block-size=16777216"
    "memorysetup-gfx-thread-allocator-block-size=16777216"
    "memorysetup-cache-allocator-block-size=4194304"
    "memorysetup-typetree-allocator-block-size=2097152"
    "memorysetup-profiler-bucket-allocator-granularity=16"
    "memorysetup-profiler-bucket-allocator-bucket-count=8"
    "memorysetup-profiler-bucket-allocator-block-size=33554432"
    "memorysetup-profiler-bucket-allocator-block-count=8"
    "memorysetup-profiler-allocator-block-size=16777216"
    "memorysetup-profiler-editor-allocator-block-size=1048576"
    "memorysetup-temp-allocator-size-main=16777216"
    "memorysetup-job-temp-allocator-block-size=2097152"
    "memorysetup-job-temp-allocator-block-size-background=1048576"
    "memorysetup-job-temp-allocator-reduction-small-platforms=262144"
    "memorysetup-temp-allocator-size-background-worker=32768"
    "memorysetup-temp-allocator-size-job-worker=262144"
    "memorysetup-temp-allocator-size-preload-manager=33554432"
    "memorysetup-temp-allocator-size-nav-mesh-worker=65536"
    "memorysetup-temp-allocator-size-audio-worker=65536"
    "memorysetup-temp-allocator-size-cloud-worker=32768"
    "memorysetup-temp-allocator-size-gi-baking-worker=262144"
    "memorysetup-temp-allocator-size-gfx=262144"
Refreshing native plugins compatible for Editor in 127.01 ms, found 4 plugins.
Preloading 0 native plugins for Editor in 0.00 ms.
Initialize engine version: 2021.2.1f1 (c20c6d589440)
[Subsystems] Discovering subsystems at path C:/Program Files/Unity/Hub/Editor/2021.2.1f1/Editor/Data/Resources/UnitySubsystems
[Subsystems] Discovering subsystems at path C:/Users/Guilherme/Documents/Arquivos/Projetos/Projetos Unity/GameDevPro/Clone Zelda A Link To The Past/Assets
GfxDevice: creating device client; threaded=0; jobified=0
Direct3D:
    Version:  Direct3D 11.0 [level 11.1]
    Renderer: NVIDIA GeForce RTX 2060 (ID=0x1f11)
    Vendor:   NVIDIA
    VRAM:     5980 MB
    Driver:   30.0.14.9649
Initialize mono
Mono path[0] = 'C:/Program Files/Unity/Hub/Editor/2021.2.1f1/Editor/Data/Managed'
Mono path[1] = 'C:/Program Files/Unity/Hub/Editor/2021.2.1f1/Editor/Data/MonoBleedingEdge/lib/mono/unityjit-win32'
Mono config path = 'C:/Program Files/Unity/Hub/Editor/2021.2.1f1/Editor/Data/MonoBleedingEdge/etc'
Using monoOptions --debugger-agent=transport=dt_socket,embedding=1,server=y,suspend=n,address=127.0.0.1:56404
Begin MonoManager ReloadAssembly
Registering precompiled unity dll's ...
Register platform support module: C:/Program Files/Unity/Hub/Editor/2021.2.1f1/Editor/Data/PlaybackEngines/WebGLSupport/UnityEditor.WebGL.Extensions.dll
Register platform support module: C:/Program Files/Unity/Hub/Editor/2021.2.1f1/Editor/Data/PlaybackEngines/WindowsStandaloneSupport/UnityEditor.WindowsStandalone.Extensions.dll
Registered in 0.005129 seconds.
Native extension for WindowsStandalone target not found
Native extension for WebGL target not found
Refreshing native plugins compatible for Editor in 112.80 ms, found 4 plugins.
Preloading 0 native plugins for Editor in 0.00 ms.
Mono: successfully reloaded assembly
- Completed reload, in  1.081 seconds
Domain Reload Profiling:
	ReloadAssembly (1082ms)
		BeginReloadAssembly (68ms)
			ExecutionOrderSort (0ms)
			DisableScriptedObjects (0ms)
			BackupInstance (0ms)
			ReleaseScriptingObjects (0ms)
			CreateAndSetChildDomain (1ms)
		EndReloadAssembly (511ms)
			LoadAssemblies (66ms)
			RebuildTransferFunctionScriptingTraits (0ms)
			SetupTypeCache (121ms)
			ReleaseScriptCaches (0ms)
			RebuildScriptCaches (30ms)
			SetupLoadedEditorAssemblies (310ms)
				LogAssemblyErrors (0ms)
				InitializePlatformSupportModulesInManaged (7ms)
				SetLoadedEditorAssemblies (0ms)
				RefreshPlugins (113ms)
				BeforeProcessingInitializeOnLoad (1ms)
				ProcessInitializeOnLoadAttributes (134ms)
				ProcessInitializeOnLoadMethodAttributes (54ms)
				AfterProcessingInitializeOnLoad (0ms)
				EditorAssembliesLoaded (0ms)
			ExecutionOrderSort2 (0ms)
			AwakeInstancesAfterBackupRestoration (0ms)
Platform modules already initialized, skipping
Registering precompiled user dll's ...
Registered in 0.007171 seconds.
Begin MonoManager ReloadAssembly
Symbol file LoadedFromMemory doesn't match image C:\Users\Guilherme\Documents\Arquivos\Projetos\Projetos Unity\GameDevPro\Clone Zelda A Link To The Past\Library\PackageCache\com.unity.visualscripting@1.7.2\Editor\VisualScripting.Core\Dependencies\YamlDotNet\Unity.VisualScripting.YamlDotNet.dll
Symbol file LoadedFromMemory doesn't match image C:\Users\Guilherme\Documents\Arquivos\Projetos\Projetos Unity\GameDevPro\Clone Zelda A Link To The Past\Library\PackageCache\com.unity.visualscripting@1.7.2\Editor\VisualScripting.Core\Dependencies\DotNetZip\Unity.VisualScripting.IonicZip.dll
Native extension for WindowsStandalone target not found
Native extension for WebGL target not found
Refreshing native plugins compatible for Editor in 122.25 ms, found 4 plugins.
Preloading 0 native plugins for Editor in 0.00 ms.
Mono: successfully reloaded assembly
- Completed reload, in  1.978 seconds
Domain Reload Profiling:
	ReloadAssembly (1979ms)
		BeginReloadAssembly (179ms)
			ExecutionOrderSort (0ms)
			DisableScriptedObjects (6ms)
			BackupInstance (0ms)
			ReleaseScriptingObjects (0ms)
			CreateAndSetChildDomain (20ms)
		EndReloadAssembly (1682ms)
			LoadAssemblies (83ms)
			RebuildTransferFunctionScriptingTraits (0ms)
			SetupTypeCache (293ms)
			ReleaseScriptCaches (1ms)
			RebuildScriptCaches (64ms)
			SetupLoadedEditorAssemblies (1122ms)
				LogAssemblyErrors (0ms)
				InitializePlatformSupportModulesInManaged (12ms)
				SetLoadedEditorAssemblies (0ms)
				RefreshPlugins (122ms)
				BeforeProcessingInitializeOnLoad (109ms)
				ProcessInitializeOnLoadAttributes (837ms)
				ProcessInitializeOnLoadMethodAttributes (36ms)
				AfterProcessingInitializeOnLoad (6ms)
				EditorAssembliesLoaded (0ms)
			ExecutionOrderSort2 (0ms)
			AwakeInstancesAfterBackupRestoration (6ms)
Platform modules already initialized, skipping
========================================================================
Worker process is ready to serve import requests
Launched and connected shader compiler UnityShaderCompiler.exe after 0.04 seconds
Refreshing native plugins compatible for Editor in 1.03 ms, found 4 plugins.
Preloading 0 native plugins for Editor in 0.00 ms.
Unloading 4220 Unused Serialized files (Serialized files now loaded: 0)
Unloading 41 unused Assets / (55.4 KB). Loaded Objects now: 4680.
Memory consumption went from 163.5 MB to 163.4 MB.
Total: 6.604200 ms (FindLiveObjects: 0.515600 ms CreateObjectMapping: 0.422700 ms MarkObjects: 5.583900 ms  DeleteObjects: 0.080600 ms)

AssetImportParameters requested are different than current active one (requested -> active):
  custom:video-decoder-ogg-theora: a1e56fd34408186e4bbccfd4996cb3dc -> 
  custom:container-muxer-webm: aa71ff27fc2769a1b78a27578f13a17b -> 
  custom:container-demuxer-webm: 4f35f7cbe854078d1ac9338744f61a02 -> 
  custom:video-encoder-webm-vp8: eb34c28f22e8b96e1ab97ce403110664 -> 
  custom:audio-encoder-webm-vorbis: bf7c407c2cedff20999df2af8eb42d56 -> 
  custom:framework-win-MediaFoundation: 216162199b28c13a410421893ffa2e32 -> 
  custom:container-demuxer-ogg: 62fdf1f143b41e24485cea50d1cbac27 -> 
  custom:video-decoder-webm-vp8: 9c59270c3fd7afecdb556c50c9e8de78 -> 
  custom:audio-decoder-ogg-vorbis: bf7c407c2cedff20999df2af8eb42d56 -> 
========================================================================
Received Import Request.
  Time since last request: 51470.962014 seconds.
  path: Assets/Game/Art/Tiles/TileRules/Overworld/TileRule_Detail_Flowers.asset
  artifactKey: Guid(921c220265bbd4e4295211da177a1410) Importer(815301076,1909f56bfc062723c751e8b465ee728b)
Start importing Assets/Game/Art/Tiles/TileRules/Overworld/TileRule_Detail_Flowers.asset using Guid(921c220265bbd4e4295211da177a1410) Importer(815301076,1909f56bfc062723c751e8b465ee728b)  -> (artifact id: '706cf9121b1f6e16b55c4cea4484b94d') in 0.104110 seconds 
========================================================================
Received Import Request.
  Time since last request: 47.222779 seconds.
  path: Assets/Game/Art/Tiles/TileRules/Overworld/TileRule_GrassDarkGrass.asset
  artifactKey: Guid(5dc4c9c5b954de747bd432f5e6848166) Importer(815301076,1909f56bfc062723c751e8b465ee728b)
Start importing Assets/Game/Art/Tiles/TileRules/Overworld/TileRule_GrassDarkGrass.asset using Guid(5dc4c9c5b954de747bd432f5e6848166) Importer(815301076,1909f56bfc062723c751e8b465ee728b)  -> (artifact id: 'fd99c4c82f76a3ffaab2e0cd132f956d') in 0.016531 seconds 
========================================================================
Received Import Request.
  Time since last request: 71.357168 seconds.
  path: Assets/Game/Art/Tiles/TileRules/Overworld/TileRule_Dirt.asset
  artifactKey: Guid(907bc339c897b544faf0200ad1a922dc) Importer(815301076,1909f56bfc062723c751e8b465ee728b)
Start importing Assets/Game/Art/Tiles/TileRules/Overworld/TileRule_Dirt.asset using Guid(907bc339c897b544faf0200ad1a922dc) Importer(815301076,1909f56bfc062723c751e8b465ee728b)  -> (artifact id: '56c9011bdd48166d8a28589390c0822c') in 0.010458 seconds 
========================================================================
Received Import Request.
  Time since last request: 0.000029 seconds.
  path: Assets/Game/Art/Tiles/TileRules/Overworld/TileRule_GrassWater.asset
  artifactKey: Guid(ba1b8158642fa474c99c9889442742c8) Importer(815301076,1909f56bfc062723c751e8b465ee728b)
Start importing Assets/Game/Art/Tiles/TileRules/Overworld/TileRule_GrassWater.asset using Guid(ba1b8158642fa474c99c9889442742c8) Importer(815301076,1909f56bfc062723c751e8b465ee728b)  -> (artifact id: '4c39d22acee6eccdb9944714f86cfcec') in 0.022462 seconds 
========================================================================
Received Import Request.
  Time since last request: 0.000030 seconds.
  path: Assets/Game/Art/Tiles/TileRules/Overworld/TileRule_Rocks.asset
  artifactKey: Guid(964223e479888764c92210b12643b83d) Importer(815301076,1909f56bfc062723c751e8b465ee728b)
Start importing Assets/Game/Art/Tiles/TileRules/Overworld/TileRule_Rocks.asset using Guid(964223e479888764c92210b12643b83d) Importer(815301076,1909f56bfc062723c751e8b465ee728b)  -> (artifact id: '5af121127cd30936d96a8c6610d0316a') in 0.023267 seconds 
========================================================================
Received Import Request.
  Time since last request: 0.000023 seconds.
  path: Assets/Game/Art/Tiles/TileRules/Overworld/TileRule_Grass.asset
  artifactKey: Guid(1df5db0aa940ca64798e83c435a63ff1) Importer(815301076,1909f56bfc062723c751e8b465ee728b)
Start importing Assets/Game/Art/Tiles/TileRules/Overworld/TileRule_Grass.asset using Guid(1df5db0aa940ca64798e83c435a63ff1) Importer(815301076,1909f56bfc062723c751e8b465ee728b)  -> (artifact id: '4895f58a4c9bf8fecb6b7b08e37146fe') in 0.015306 seconds 
========================================================================
Received Import Request.
  Time since last request: 0.000021 seconds.
  path: Assets/Game/Art/Tiles/TileRules/Overworld/TileRule_GrassDirt.asset
  artifactKey: Guid(aae17a658e0f8094685ce9893a51d121) Importer(815301076,1909f56bfc062723c751e8b465ee728b)
Start importing Assets/Game/Art/Tiles/TileRules/Overworld/TileRule_GrassDirt.asset using Guid(aae17a658e0f8094685ce9893a51d121) Importer(815301076,1909f56bfc062723c751e8b465ee728b)  -> (artifact id: '6b8a00822af1494c903a0bb58bb85031') in 0.008323 seconds 
========================================================================
Received Import Request.
  Time since last request: 0.000022 seconds.
  path: Assets/Game/Art/Tiles/TileRules/Overworld/TileRule_Grass_Dark.asset
  artifactKey: Guid(8353188aa9e864941a56edc0bf95d152) Importer(815301076,1909f56bfc062723c751e8b465ee728b)
Start importing Assets/Game/Art/Tiles/TileRules/Overworld/TileRule_Grass_Dark.asset using Guid(8353188aa9e864941a56edc0bf95d152) Importer(815301076,1909f56bfc062723c751e8b465ee728b)  -> (artifact id: '3797b8dd1bbd9dd3ba3d4df548ff91d5') in 0.016669 seconds 
========================================================================
Received Import Request.
  Time since last request: 0.000027 seconds.
  path: Assets/Game/Art/Tiles/TileRules/Overworld/TileRule_Trees.asset
  artifactKey: Guid(6b70f73769dd9d644968152f6592020c) Importer(815301076,1909f56bfc062723c751e8b465ee728b)
Start importing Assets/Game/Art/Tiles/TileRules/Overworld/TileRule_Trees.asset using Guid(6b70f73769dd9d644968152f6592020c) Importer(815301076,1909f56bfc062723c751e8b465ee728b)  -> (artifact id: '493a7fb9ff8ed15eadb640084a026eca') in 0.015639 seconds 
